<?xml version="1.0" encoding="UTF-8"?>
<!-- Generated by org.testng.reporters.JUnitReportReporter -->
<testsuite hostname="DESKTOP-JGVK91I" failures="0" tests="1" name="TestCases.Test" time="19.031" errors="0" timestamp="2021-12-23T13:30:45 IST" skipped="0">
  <testcase classname="TestCases.Test" name="Tc_IESP_001" time="19.031"/>
  <system-out/>
</testsuite> <!-- TestCases.Test -->
