<?xml version="1.0" encoding="UTF-8"?>
<!-- Generated by org.testng.reporters.JUnitReportReporter -->
<testsuite hostname="DESKTOP-JGVK91I" failures="0" tests="1" name="TestCases.Tc_login002" time="0.000" errors="0" timestamp="2022-01-06T14:02:53 IST" skipped="1">
  <testcase classname="TestCases.Tc_login002" name="login" time="0.000">
    <skipped/>
  </testcase> <!-- login -->
  <system-out/>
</testsuite> <!-- TestCases.Tc_login002 -->
